<?xml version="1.0" encoding="UTF-8"?>
<testng-results ignored="0" total="2" passed="2" failed="0" skipped="0">
  <reporter-output>
  </reporter-output>
  <suite started-at="2024-05-25T12:51:58 IST" name="Suite1" finished-at="2024-05-25T12:52:33 IST" duration-ms="34901">
    <groups>
    </groups>
    <test started-at="2024-05-25T12:51:58 IST" name="Nopackage" finished-at="2024-05-25T12:52:33 IST" duration-ms="34901">
      <class name="com.hrms.testscripts.TC002">
        <test-method signature="tc002()[pri:0, instance:com.hrms.testscripts.TC002@2145433b]" started-at="2024-05-25T12:52:10 IST" name="tc002" finished-at="2024-05-25T12:52:33 IST" duration-ms="22916" status="PASS">
          <reporter-output>
          </reporter-output>
        </test-method> <!-- tc002 -->
      </class> <!-- com.hrms.testscripts.TC002 -->
      <class name="com.hrms.testscripts.TC_001">
        <test-method signature="tc001()[pri:0, instance:com.hrms.testscripts.TC_001@568bf312]" started-at="2024-05-25T12:51:58 IST" name="tc001" finished-at="2024-05-25T12:52:10 IST" duration-ms="11937" status="PASS">
          <reporter-output>
          </reporter-output>
        </test-method> <!-- tc001 -->
      </class> <!-- com.hrms.testscripts.TC_001 -->
    </test> <!-- Nopackage -->
  </suite> <!-- Suite1 -->
</testng-results>
